ThinClientG13-mobile/app/build/outputs/logs/manifest-merger-debug-report.txt
-- Merging decision tree log ---
manifest
ADDED from src/main/AndroidManifest.xml:2:1-90:12
	package
		ADDED from src/main/AndroidManifest.xml:3:5-48
		INJECTED from src/main/AndroidManifest.xml
		INJECTED from src/main/AndroidManifest.xml
	android:versionName
		ADDED from src/main/AndroidManifest.xml:6:5-32
		INJECTED from src/main/AndroidManifest.xml
		INJECTED from src/main/AndroidManifest.xml
	android:versionCode
		ADDED from src/main/AndroidManifest.xml:5:5-29
		INJECTED from src/main/AndroidManifest.xml
		INJECTED from src/main/AndroidManifest.xml
	xmlns:android
		ADDED from src/main/AndroidManifest.xml:2:11-69
	android:installLocation
		ADDED from src/main/AndroidManifest.xml:4:5-35
uses-sdk
ADDED from src/main/AndroidManifest.xml:8:5-10:41
MERGED from [com.android.support:appcompat-v7:24.2.1] AndroidManifest.xml:21:5-23:78
MERGED from [com.android.support:support-v4:24.2.1] AndroidManifest.xml:21:5-23:54
MERGED from [com.android.support:support-compat:24.2.1] AndroidManifest.xml:21:5-23:58
MERGED from [com.android.support:support-media-compat:24.2.1] AndroidManifest.xml:21:5-23:63
MERGED from [com.android.support:support-core-utils:24.2.1] AndroidManifest.xml:21:5-23:61
MERGED from [com.android.support:support-core-ui:24.2.1] AndroidManifest.xml:21:5-23:58
MERGED from [com.android.support:support-fragment:24.2.1] AndroidManifest.xml:21:5-23:60
MERGED from [com.android.support:support-vector-drawable:24.2.1] AndroidManifest.xml:21:5-43
MERGED from [com.android.support:animated-vector-drawable:24.2.1] AndroidManifest.xml:20:5-44
	tools:overrideLibrary
		ADDED from [com.android.support:appcompat-v7:24.2.1] AndroidManifest.xml:23:9-75
	android:targetSdkVersion
		ADDED from src/main/AndroidManifest.xml:10:9-38
		INJECTED from src/main/AndroidManifest.xml
		INJECTED from src/main/AndroidManifest.xml
	android:minSdkVersion
		ADDED from src/main/AndroidManifest.xml:9:9-35
		INJECTED from src/main/AndroidManifest.xml
		INJECTED from src/main/AndroidManifest.xml
supports-screens
ADDED from src/main/AndroidManifest.xml:12:5-51
	android:anyDensity
		ADDED from src/main/AndroidManifest.xml:12:23-48
uses-permission#android.permission.INTERNET
ADDED from src/main/AndroidManifest.xml:14:5-67
	android:name
		ADDED from src/main/AndroidManifest.xml:14:22-64
uses-permission#android.permission.ACCESS_NETWORK_STATE
ADDED from src/main/AndroidManifest.xml:15:5-79
	android:name
		ADDED from src/main/AndroidManifest.xml:15:22-76
uses-permission#android.permission.WRITE_EXTERNAL_STORAGE
ADDED from src/main/AndroidManifest.xml:16:5-81
	android:name
		ADDED from src/main/AndroidManifest.xml:16:22-78
uses-permission#android.permission.CHANGE_WIFI_MULTICAST_STATE
ADDED from src/main/AndroidManifest.xml:17:5-86
	android:name
		ADDED from src/main/AndroidManifest.xml:17:22-83
uses-permission#android.permission.ACCESS_WIFI_STATE
ADDED from src/main/AndroidManifest.xml:18:5-76
	android:name
		ADDED from src/main/AndroidManifest.xml:18:22-73
uses-permission#android.permission.READ_PHONE_STATE
ADDED from src/main/AndroidManifest.xml:20:5-75
	android:name
		ADDED from src/main/AndroidManifest.xml:20:22-72
uses-permission#android.permission.READ_EXTERNAL_STORAGE
ADDED from src/main/AndroidManifest.xml:21:5-80
	android:name
		ADDED from src/main/AndroidManifest.xml:21:22-77
application
ADDED from src/main/AndroidManifest.xml:23:5-88:19
MERGED from [com.android.support:appcompat-v7:24.2.1] AndroidManifest.xml:25:5-20
MERGED from [com.android.support:support-v4:24.2.1] AndroidManifest.xml:25:5-20
MERGED from [com.android.support:support-compat:24.2.1] AndroidManifest.xml:25:5-20
MERGED from [com.android.support:support-media-compat:24.2.1] AndroidManifest.xml:25:5-20
MERGED from [com.android.support:support-core-utils:24.2.1] AndroidManifest.xml:25:5-20
MERGED from [com.android.support:support-core-ui:24.2.1] AndroidManifest.xml:25:5-20
MERGED from [com.android.support:support-fragment:24.2.1] AndroidManifest.xml:25:5-20
MERGED from [com.android.support:support-vector-drawable:24.2.1] AndroidManifest.xml:23:5-20
MERGED from [com.android.support:animated-vector-drawable:24.2.1] AndroidManifest.xml:22:5-20
	android:label
		ADDED from src/main/AndroidManifest.xml:26:9-33
	android:hardwareAccelerated
		ADDED from src/main/AndroidManifest.xml:24:9-43
	android:icon
		ADDED from src/main/AndroidManifest.xml:25:9-38
	android:theme
		ADDED from src/main/AndroidManifest.xml:27:9-50
activity#com.coboltforge.dontmind.multivnc.MainMenuActivity
ADDED from src/main/AndroidManifest.xml:28:9-36:20
	android:label
		ADDED from src/main/AndroidManifest.xml:30:13-45
	android:name
		ADDED from src/main/AndroidManifest.xml:29:13-45
intent-filter#android.intent.action.VIEW+android.intent.category.DEFAULT
ADDED from src/main/AndroidManifest.xml:31:13-35:29
action#android.intent.action.VIEW
ADDED from src/main/AndroidManifest.xml:32:17-69
	android:name
		ADDED from src/main/AndroidManifest.xml:32:25-66
category#android.intent.category.DEFAULT
ADDED from src/main/AndroidManifest.xml:34:17-76
	android:name
		ADDED from src/main/AndroidManifest.xml:34:27-73
activity#com.coboltforge.dontmind.multivnc.VncCanvasActivity
ADDED from src/main/AndroidManifest.xml:37:9-51:20
	android:screenOrientation
		ADDED from src/main/AndroidManifest.xml:40:13-50
	android:configChanges
		ADDED from src/main/AndroidManifest.xml:39:13-63
	android:name
		ADDED from src/main/AndroidManifest.xml:38:13-46
intent-filter#android.intent.action.VIEW
ADDED from src/main/AndroidManifest.xml:41:13-43:29
activity#com.coboltforge.dontmind.multivnc.ConnectionListActivity
ADDED from src/main/AndroidManifest.xml:52:9-60:20
	android:label
		ADDED from src/main/AndroidManifest.xml:54:13-51
	android:name
		ADDED from src/main/AndroidManifest.xml:53:13-51
intent-filter#android.intent.action.CREATE_SHORTCUT+android.intent.category.DEFAULT
ADDED from src/main/AndroidManifest.xml:55:13-59:29
action#android.intent.action.CREATE_SHORTCUT
ADDED from src/main/AndroidManifest.xml:56:17-80
	android:name
		ADDED from src/main/AndroidManifest.xml:56:25-77
activity#com.coboltforge.dontmind.multivnc.EditBookmarkActivity
ADDED from src/main/AndroidManifest.xml:61:9-63:58
	android:label
		ADDED from src/main/AndroidManifest.xml:63:13-55
	android:name
		ADDED from src/main/AndroidManifest.xml:62:13-49
activity#com.coboltforge.dontmind.multivnc.AboutActivity
ADDED from src/main/AndroidManifest.xml:64:9-66:45
	android:label
		ADDED from src/main/AndroidManifest.xml:66:13-42
	android:name
		ADDED from src/main/AndroidManifest.xml:65:13-42
activity#com.coboltforge.dontmind.multivnc.HelpActivity
ADDED from src/main/AndroidManifest.xml:67:9-69:44
	android:label
		ADDED from src/main/AndroidManifest.xml:69:13-41
	android:name
		ADDED from src/main/AndroidManifest.xml:68:13-41
service#com.coboltforge.dontmind.multivnc.MDNSService
ADDED from src/main/AndroidManifest.xml:71:9-73:38
	android:enabled
		ADDED from src/main/AndroidManifest.xml:73:13-35
	android:name
		ADDED from src/main/AndroidManifest.xml:72:13-40
activity#com.google.ads.AdActivity
ADDED from src/main/AndroidManifest.xml:75:9-77:125
	android:configChanges
		ADDED from src/main/AndroidManifest.xml:77:13-122
	android:name
		ADDED from src/main/AndroidManifest.xml:76:13-53
activity#com.mccG13.MainActivity
ADDED from src/main/AndroidManifest.xml:78:9-86:20
	android:label
		ADDED from src/main/AndroidManifest.xml:80:13-50
	android:name
		ADDED from src/main/AndroidManifest.xml:79:13-51
intent-filter#android.intent.action.MAIN+android.intent.category.LAUNCHER
ADDED from src/main/AndroidManifest.xml:81:13-85:29
action#android.intent.action.MAIN
ADDED from src/main/AndroidManifest.xml:82:17-69
	android:name
		ADDED from src/main/AndroidManifest.xml:82:25-66
category#android.intent.category.LAUNCHER
ADDED from src/main/AndroidManifest.xml:84:17-77
	android:name
		ADDED from src/main/AndroidManifest.xml:84:27-74
activity#com.mccG13.AppSelectionActivity
ADDED from src/main/AndroidManifest.xml:87:9-77
	android:name
		ADDED from src/main/AndroidManifest.xml:87:19-65